<?xml version="1.0" encoding="UTF-8"?>
<testng-results ignored="0" total="2" passed="2" failed="0" skipped="0">
  <reporter-output>
  </reporter-output>
  <suite started-at="2023-12-07T12:33:12 GMT" name="Default suite" finished-at="2023-12-07T12:33:28 GMT" duration-ms="16497">
    <groups>
      <group name="cucumber">
        <method signature="AbstractTestNGCucumberTests.runScenario(io.cucumber.testng.PickleWrapper,io.cucumber.testng.FeatureWrapper)[pri:0, instance:cucumberOptions.TestNGTestRunner@6caf0677]" name="runScenario" class="io.cucumber.testng.AbstractTestNGCucumberTests"/>
      </group> <!-- cucumber -->
    </groups>
    <test started-at="2023-12-07T12:33:12 GMT" name="Default test" finished-at="2023-12-07T12:33:28 GMT" duration-ms="16497">
      <class name="cucumberOptions.TestNGTestRunner">
        <test-method is-config="true" signature="setUpClass(org.testng.ITestContext)[pri:0, instance:cucumberOptions.TestNGTestRunner@6caf0677]" started-at="2023-12-07T12:33:12 GMT" name="setUpClass" finished-at="2023-12-07T12:33:13 GMT" duration-ms="1103" status="PASS">
          <params>
            <param index="0">
              <value>
                <![CDATA[org.testng.TestRunner@2de50ee4]]>
              </value>
            </param>
          </params>
          <reporter-output>
          </reporter-output>
        </test-method> <!-- setUpClass -->
        <test-method signature="runScenario(io.cucumber.testng.PickleWrapper,io.cucumber.testng.FeatureWrapper)[pri:0, instance:cucumberOptions.TestNGTestRunner@6caf0677]" started-at="2023-12-07T12:33:13 GMT" name="runScenario" description="Runs Cucumber Scenarios" data-provider="scenarios" finished-at="2023-12-07T12:33:28 GMT" duration-ms="14884" status="PASS">
          <params>
            <param index="0">
              <value>
                <![CDATA["Search Experience for product search in both Home and Offers page"]]>
              </value>
            </param>
            <param index="1">
              <value>
                <![CDATA["Seach and Place the order for products"]]>
              </value>
            </param>
          </params>
          <reporter-output>
          </reporter-output>
        </test-method> <!-- runScenario -->
        <test-method signature="runScenario(io.cucumber.testng.PickleWrapper,io.cucumber.testng.FeatureWrapper)[pri:0, instance:cucumberOptions.TestNGTestRunner@6caf0677]" started-at="2023-12-07T12:33:13 GMT" name="runScenario" description="Runs Cucumber Scenarios" data-provider="scenarios" finished-at="2023-12-07T12:33:27 GMT" duration-ms="14390" status="PASS">
          <params>
            <param index="0">
              <value>
                <![CDATA["Search Experience for product search in both Home and Offers page"]]>
              </value>
            </param>
            <param index="1">
              <value>
                <![CDATA["Seach and Place the order for products"]]>
              </value>
            </param>
          </params>
          <reporter-output>
          </reporter-output>
        </test-method> <!-- runScenario -->
        <test-method is-config="true" signature="tearDownClass()[pri:0, instance:cucumberOptions.TestNGTestRunner@6caf0677]" started-at="2023-12-07T12:33:28 GMT" name="tearDownClass" finished-at="2023-12-07T12:33:28 GMT" duration-ms="426" status="PASS">
          <reporter-output>
          </reporter-output>
        </test-method> <!-- tearDownClass -->
      </class> <!-- cucumberOptions.TestNGTestRunner -->
    </test> <!-- Default test -->
  </suite> <!-- Default suite -->
</testng-results>
